Using pre-set license
Desktop is 1366 x 768 @ 60 Hz

 COMMAND LINE ARGUMENTS:
Unity
-adb2
-batchMode
-noUpm
-name
AssetImportWorker1
-projectPath
/home/neil/Computacion_grafica/computer_graphics_video_game/project_3
-logFile
Logs/AssetImportWorker1.log
-srvPort
39701
Successfully changed project path to: /home/neil/Computacion_grafica/computer_graphics_video_game/project_3
/home/neil/Computacion_grafica/computer_graphics_video_game/project_3
Using Asset Import Pipeline V2.
Unable to load player prefs
Refreshing native plugins compatible for Editor in 84,19 ms, found 0 plugins.
Preloading 0 native plugins for Editor in 0,00 ms.
Initialize engine version: 2020.3.3f1 (76626098c1c4)
[Subsystems] Discovering subsystems at path /home/neil/Unity/Hub/Editor/2020.3.3f1/Editor/Data/Resources/UnitySubsystems
[Subsystems] Discovering subsystems at path /home/neil/Computacion_grafica/computer_graphics_video_game/project_3/Assets
GLX Extensions: GLX_ARB_create_context GLX_ARB_create_context_profile GLX_ARB_create_context_robustness GLX_ARB_fbconfig_float GLX_ARB_framebuffer_sRGB GLX_ARB_get_proc_address GLX_ARB_multisample GLX_EXT_import_context GLX_EXT_visual_info GLX_EXT_visual_rating GLX_EXT_fbconfig_packed_float GLX_EXT_framebuffer_sRGB GLX_EXT_create_context_es2_profile GLX_EXT_create_context_es_profile GLX_MESA_copy_sub_buffer GLX_MESA_multithread_makecurrent GLX_MESA_query_renderer GLX_MESA_swap_control GLX_OML_swap_method GLX_OML_sync_control GLX_SGI_make_current_read GLX_SGI_swap_control GLX_SGI_video_sync GLX_SGIS_multisample GLX_SGIX_fbconfig GLX_SGIX_pbuffer GLX_SGIX_visual_select_group GLX_EXT_texture_from_pixmap GLX_INTEL_swap_event GLX_EXT_buffer_age 
Renderer: Mesa DRI Intel(R) Haswell Mobile 
Vendor:   Intel Open Source Technology Center
Version:  3.3 (Core Profile) Mesa 13.0.6
GLES:     0
 GL_3DFX_texture_compression_FXT1 GL_AMD_conservative_depth GL_AMD_draw_buffers_blend GL_AMD_seamless_cubemap_per_texture GL_AMD_shader_trinary_minmax GL_AMD_vertex_shader_layer GL_AMD_vertex_shader_viewport_index GL_ANGLE_texture_compression_dxt3 GL_ANGLE_texture_compression_dxt5 GL_APPLE_object_purgeable GL_ARB_ES2_compatibility GL_ARB_ES3_1_compatibility GL_ARB_ES3_compatibility GL_ARB_arrays_of_arrays GL_ARB_base_instance GL_ARB_blend_func_extended GL_ARB_buffer_storage GL_ARB_clear_buffer_object GL_ARB_clear_texture GL_ARB_clip_control GL_ARB_compressed_texture_pixel_storage GL_ARB_compute_shader GL_ARB_conditional_render_inverted GL_ARB_conservative_depth GL_ARB_copy_buffer GL_ARB_copy_image GL_ARB_cull_distance GL_ARB_debug_output GL_ARB_depth_buffer_float GL_ARB_depth_clamp GL_ARB_derivative_control GL_ARB_direct_state_access GL_ARB_draw_buffers GL_ARB_draw_buffers_blend GL_ARB_draw_elements_base_vertex GL_ARB_draw_indirect GL_ARB_draw_instanced GL_ARB_enhanced_layouts GL_ARB_explicit_attrib_location
 GL_ARB_explicit_uniform_location GL_ARB_fragment_coord_conventions GL_ARB_fragment_layer_viewport GL_ARB_fragment_shader GL_ARB_framebuffer_no_attachments GL_ARB_framebuffer_object GL_ARB_framebuffer_sRGB GL_ARB_get_program_binary GL_ARB_get_texture_sub_image GL_ARB_gpu_shader5 GL_ARB_half_float_pixel GL_ARB_half_float_vertex GL_ARB_instanced_arrays GL_ARB_internalformat_query GL_ARB_internalformat_query2 GL_ARB_invalidate_subdata GL_ARB_map_buffer_alignment GL_ARB_map_buffer_range GL_ARB_multi_bind GL_ARB_multi_draw_indirect GL_ARB_occlusion_query2 GL_ARB_pipeline_statistics_query GL_ARB_pixel_buffer_object GL_ARB_point_sprite GL_ARB_program_interface_query GL_ARB_provoking_vertex GL_ARB_query_buffer_object GL_ARB_robust_buffer_access_behavior GL_ARB_robustness GL_ARB_sample_shading GL_ARB_sampler_objects GL_ARB_seamless_cube_map GL_ARB_seamless_cubemap_per_texture GL_ARB_separate_shader_objects GL_ARB_shader_atomic_counter_ops GL_ARB_shader_atomic_counters GL_ARB_shader_bit_encoding GL_ARB_shader_clock GL
_ARB_shader_draw_parameters GL_ARB_shader_image_load_store GL_ARB_shader_image_size GL_ARB_shader_objects GL_ARB_shader_storage_buffer_object GL_ARB_shader_subroutine GL_ARB_shader_texture_image_samples GL_ARB_shader_texture_lod GL_ARB_shader_viewport_layer_array GL_ARB_shading_language_420pack GL_ARB_shading_language_packing GL_ARB_stencil_texturing GL_ARB_sync GL_ARB_tessellation_shader GL_ARB_texture_barrier GL_ARB_texture_buffer_object GL_ARB_texture_buffer_object_rgb32 GL_ARB_texture_buffer_range GL_ARB_texture_compression_bptc GL_ARB_texture_compression_rgtc GL_ARB_texture_cube_map_array GL_ARB_texture_float GL_ARB_texture_gather GL_ARB_texture_mirror_clamp_to_edge GL_ARB_texture_multisample GL_ARB_texture_non_power_of_two GL_ARB_texture_query_levels GL_ARB_texture_query_lod GL_ARB_texture_rectangle GL_ARB_texture_rg GL_ARB_texture_rgb10_a2ui GL_ARB_texture_stencil8 GL_ARB_texture_storage GL_ARB_texture_storage_multisample GL_ARB_texture_swizzle GL_ARB_texture_view GL_ARB_timer_query GL_ARB_transform_f
eedback2 GL_ARB_transform_feedback3 GL_ARB_transform_feedback_instanced GL_ARB_uniform_buffer_object GL_ARB_vertex_array_bgra GL_ARB_vertex_array_object GL_ARB_vertex_attrib_binding GL_ARB_vertex_shader GL_ARB_vertex_type_10f_11f_11f_rev GL_ARB_vertex_type_2_10_10_10_rev GL_ARB_viewport_array GL_ATI_blend_equation_separate GL_ATI_texture_float GL_EXT_abgr GL_EXT_blend_equation_separate GL_EXT_draw_buffers2 GL_EXT_draw_instanced GL_EXT_framebuffer_blit GL_EXT_framebuffer_multisample GL_EXT_framebuffer_multisample_blit_scaled GL_EXT_framebuffer_sRGB GL_EXT_packed_depth_stencil GL_EXT_packed_float GL_EXT_pixel_buffer_object GL_EXT_polygon_offset_clamp GL_EXT_provoking_vertex GL_EXT_shader_integer_mix GL_EXT_shader_samples_identical GL_EXT_texture_array GL_EXT_texture_compression_dxt1 GL_EXT_texture_compression_rgtc GL_EXT_texture_compression_s3tc GL_EXT_texture_filter_anisotropic GL_EXT_texture_integer GL_EXT_texture_sRGB GL_EXT_texture_sRGB_decode GL_EXT_texture_shared_exponent GL_EXT_texture_snorm GL_EXT_text
ure_swizzle GL_EXT_timer_query GL_EXT_transform_feedback GL_EXT_vertex_array_bgra GL_IBM_multimode_draw_arrays GL_KHR_blend_equation_advanced GL_KHR_context_flush_control GL_KHR_debug GL_KHR_robust_buffer_access_behavior GL_KHR_robustness GL_MESA_pack_invert GL_MESA_shader_integer_functions GL_MESA_texture_signed_rgba GL_NV_conditional_render GL_NV_depth_clamp GL_NV_packed_depth_stencil GL_NV_texture_barrier GL_OES_EGL_image GL_S3_s3tc
OPENGL LOG: Creating OpenGL 3.3 graphics device ; Context level  <OpenGL 3.3> ; Context handle -324483568
Initialize mono
Mono path[0] = '/home/neil/Unity/Hub/Editor/2020.3.3f1/Editor/Data/Managed'
Mono path[1] = '/home/neil/Unity/Hub/Editor/2020.3.3f1/Editor/Data/MonoBleedingEdge/lib/mono/unityjit'
Mono config path = '/home/neil/Unity/Hub/Editor/2020.3.3f1/Editor/Data/MonoBleedingEdge/etc'
Using monoOptions --debugger-agent=transport=dt_socket,embedding=1,server=y,suspend=n,address=127.0.0.1:56849
Begin MonoManager ReloadAssembly
Registering precompiled unity dll's ...
Register platform support module: /home/neil/Unity/Hub/Editor/2020.3.3f1/Editor/Data/PlaybackEngines/LinuxStandaloneSupport/UnityEditor.LinuxStandalone.Extensions.dll
Registered in 0,001632 seconds.
Native extension for LinuxStandalone target not found
Refreshing native plugins compatible for Editor in 36,21 ms, found 0 plugins.
Preloading 0 native plugins for Editor in 0,00 ms.
Invoked RoslynAnalysisRunner static constructor.
RoslynAnalysisRunner will not be running.
RoslynAnalysisRunner has terminated.
Mono: successfully reloaded assembly
- Completed reload, in  2,004 seconds
Platform modules already initialized, skipping
Registering precompiled user dll's ...
Registered in 0,001460 seconds.
Begin MonoManager ReloadAssembly
Native extension for LinuxStandalone target not found
Refreshing native plugins compatible for Editor in 0,57 ms, found 0 plugins.
Preloading 0 native plugins for Editor in 0,00 ms.
Invoked RoslynAnalysisRunner static constructor.
RoslynAnalysisRunner will not be running.
RoslynAnalysisRunner has terminated.
Mono: successfully reloaded assembly
- Completed reload, in  3,711 seconds
Platform modules already initialized, skipping
========================================================================
Worker process is ready to serve import requests
Launched and connected shader compiler UnityShaderCompiler after 0.07 seconds
Refreshing native plugins compatible for Editor in 0,60 ms, found 0 plugins.
Preloading 0 native plugins for Editor in 0,00 ms.
Unloading 1115 Unused Serialized files (Serialized files now loaded: 0)
System memory in use before: 51,5 MB.
System memory in use after: 51,5 MB.

Unloading 10 unused Assets to reduce memory usage. Loaded Objects now: 1557.
Total: 21,426853 ms (FindLiveObjects: 0,324480 ms CreateObjectMapping: 0,086148 ms MarkObjects: 3,433345 ms  DeleteObjects: 17,578438 ms)

========================================================================
Received Import Request.
  path: Assets
  artifactKey: Guid(00000000000000001000000000000000) Importer(815301076,1909f56bfc062723c751e8b465ee728b)
Start importing Assets using Guid(00000000000000001000000000000000) Importer(815301076,1909f56bfc062723c751e8b465ee728b)  -> (artifact id: 'b2e0e235c0f4af3754229b664788db90') in 0,080013 seconds
  Import took 0,111378 seconds .

========================================================================
Received Import Request.
  Time since last request: 136,952239 seconds.
  path: Assets/New Material.mat
  artifactKey: Guid(3a8b64794060071ffa6bd8215ef4755d) Importer(815301076,1909f56bfc062723c751e8b465ee728b)
Start importing Assets/New Material.mat using Guid(3a8b64794060071ffa6bd8215ef4755d) Importer(815301076,1909f56bfc062723c751e8b465ee728b)  -> (artifact id: 'a6febb4c350d2056afd3f623d2ee1687') in 0,726365 seconds
  Import took 0,798648 seconds .

========================================================================
Received Import Request.
  Time since last request: 1779,044727 seconds.
  path: Assets/Scenes
  artifactKey: Guid(45b193dfbe142622b804fb2e4e3fc60a) Importer(815301076,1909f56bfc062723c751e8b465ee728b)
Start importing Assets/Scenes using Guid(45b193dfbe142622b804fb2e4e3fc60a) Importer(815301076,1909f56bfc062723c751e8b465ee728b)  -> (artifact id: 'c9e1a0e6d6fbfaf281c5f732405c389b') in 0,121058 seconds
  Import took 0,124767 seconds .

========================================================================
Received Import Request.
  Time since last request: 1,019065 seconds.
  path: Assets/Scenes
  artifactKey: Guid(45b193dfbe142622b804fb2e4e3fc60a) Importer(815301076,1909f56bfc062723c751e8b465ee728b)
Start importing Assets/Scenes using Guid(45b193dfbe142622b804fb2e4e3fc60a) Importer(815301076,1909f56bfc062723c751e8b465ee728b)  -> (artifact id: 'c9e1a0e6d6fbfaf281c5f732405c389b') in 0,000794 seconds
  Import took 0,021800 seconds .

========================================================================
Received Prepare
Registering precompiled user dll's ...
Registered in 0,001427 seconds.
Begin MonoManager ReloadAssembly
Native extension for LinuxStandalone target not found
Refreshing native plugins compatible for Editor in 0,52 ms, found 0 plugins.
Preloading 0 native plugins for Editor in 0,00 ms.
Invoked RoslynAnalysisRunner static constructor.
RoslynAnalysisRunner will not be running.
RoslynAnalysisRunner has terminated.
Mono: successfully reloaded assembly
- Completed reload, in  3,017 seconds
Platform modules already initialized, skipping
Refreshing native plugins compatible for Editor in 0,28 ms, found 0 plugins.
Preloading 0 native plugins for Editor in 0,00 ms.
Unloading 1110 Unused Serialized files (Serialized files now loaded: 0)
System memory in use before: 53,0 MB.
System memory in use after: 53,1 MB.

Unloading 5 unused Assets to reduce memory usage. Loaded Objects now: 1600.
Total: 3,151939 ms (FindLiveObjects: 0,216162 ms CreateObjectMapping: 0,097672 ms MarkObjects: 2,763643 ms  DeleteObjects: 0,070252 ms)

========================================================================
Received Prepare
Registering precompiled user dll's ...
Registered in 0,000619 seconds.
Begin MonoManager ReloadAssembly
Native extension for LinuxStandalone target not found
Refreshing native plugins compatible for Editor in 0,27 ms, found 0 plugins.
Preloading 0 native plugins for Editor in 0,00 ms.
Invoked RoslynAnalysisRunner static constructor.
RoslynAnalysisRunner will not be running.
RoslynAnalysisRunner has terminated.
Mono: successfully reloaded assembly
- Completed reload, in  2,163 seconds
Platform modules already initialized, skipping
Refreshing native plugins compatible for Editor in 0,52 ms, found 0 plugins.
Preloading 0 native plugins for Editor in 0,00 ms.
Unloading 1111 Unused Serialized files (Serialized files now loaded: 0)
System memory in use before: 53,0 MB.
System memory in use after: 53,1 MB.

Unloading 5 unused Assets to reduce memory usage. Loaded Objects now: 1604.
Total: 51,631821 ms (FindLiveObjects: 2,325587 ms CreateObjectMapping: 0,142494 ms MarkObjects: 34,161861 ms  DeleteObjects: 0,125239 ms)

========================================================================
Received Import Request.
  Time since last request: 1634,075641 seconds.
  path: Assets/PlayerMovement.cs
  artifactKey: Guid(231d264b659e6bcc9a105ce3cda3c3bc) Importer(815301076,1909f56bfc062723c751e8b465ee728b)
Start importing Assets/PlayerMovement.cs using Guid(231d264b659e6bcc9a105ce3cda3c3bc) Importer(815301076,1909f56bfc062723c751e8b465ee728b)  -> (artifact id: '457aa901a243fbf7b6ef1b47349e71d5') in 0,084425 seconds
  Import took 0,132667 seconds .

========================================================================
Received Import Request.
  Time since last request: 2976,552294 seconds.
  path: Assets/Slippery.physicMaterial
  artifactKey: Guid(5dc14c97d406d04bb9791e5607e24ac2) Importer(815301076,1909f56bfc062723c751e8b465ee728b)
Start importing Assets/Slippery.physicMaterial using Guid(5dc14c97d406d04bb9791e5607e24ac2) Importer(815301076,1909f56bfc062723c751e8b465ee728b)  -> (artifact id: 'bf546bea6780f92299b78e7fc8873b3b') in 0,361205 seconds
  Import took 0,423920 seconds .

========================================================================
Received Prepare
Registering precompiled user dll's ...
Registered in 0,132914 seconds.
Begin MonoManager ReloadAssembly
Native extension for LinuxStandalone target not found
Refreshing native plugins compatible for Editor in 0,59 ms, found 0 plugins.
Preloading 0 native plugins for Editor in 0,00 ms.
Invoked RoslynAnalysisRunner static constructor.
RoslynAnalysisRunner will not be running.
RoslynAnalysisRunner has terminated.
Mono: successfully reloaded assembly
- Completed reload, in 77,800 seconds
Platform modules already initialized, skipping
Refreshing native plugins compatible for Editor in 0,29 ms, found 0 plugins.
Preloading 0 native plugins for Editor in 0,00 ms.
Unloading 1111 Unused Serialized files (Serialized files now loaded: 0)
System memory in use before: 53,1 MB.
System memory in use after: 53,1 MB.

Unloading 5 unused Assets to reduce memory usage. Loaded Objects now: 1607.
Total: 316,002220 ms (FindLiveObjects: 54,189930 ms CreateObjectMapping: 0,103505 ms MarkObjects: 261,490206 ms  DeleteObjects: 0,206190 ms)

========================================================================
Received Prepare
Registering precompiled user dll's ...
Registered in 0,000581 seconds.
Begin MonoManager ReloadAssembly
Native extension for LinuxStandalone target not found
Refreshing native plugins compatible for Editor in 0,33 ms, found 0 plugins.
Preloading 0 native plugins for Editor in 0,00 ms.
Invoked RoslynAnalysisRunner static constructor.
RoslynAnalysisRunner will not be running.
RoslynAnalysisRunner has terminated.
Mono: successfully reloaded assembly
- Completed reload, in  1,507 seconds
Platform modules already initialized, skipping
Refreshing native plugins compatible for Editor in 0,26 ms, found 0 plugins.
Preloading 0 native plugins for Editor in 0,00 ms.
Unloading 1111 Unused Serialized files (Serialized files now loaded: 0)
System memory in use before: 53,1 MB.
System memory in use after: 53,1 MB.

Unloading 5 unused Assets to reduce memory usage. Loaded Objects now: 1610.
Total: 3,090443 ms (FindLiveObjects: 0,205951 ms CreateObjectMapping: 0,058383 ms MarkObjects: 2,753675 ms  DeleteObjects: 0,068450 ms)

========================================================================
Received Prepare
Registering precompiled user dll's ...
Registered in 0,000623 seconds.
Begin MonoManager ReloadAssembly
Native extension for LinuxStandalone target not found
Refreshing native plugins compatible for Editor in 0,27 ms, found 0 plugins.
Preloading 0 native plugins for Editor in 0,00 ms.
Invoked RoslynAnalysisRunner static constructor.
RoslynAnalysisRunner will not be running.
RoslynAnalysisRunner has terminated.
Mono: successfully reloaded assembly
- Completed reload, in  1,094 seconds
Platform modules already initialized, skipping
Refreshing native plugins compatible for Editor in 0,27 ms, found 0 plugins.
Preloading 0 native plugins for Editor in 0,00 ms.
Unloading 1111 Unused Serialized files (Serialized files now loaded: 0)
System memory in use before: 53,1 MB.
System memory in use after: 53,1 MB.

Unloading 5 unused Assets to reduce memory usage. Loaded Objects now: 1613.
Total: 10,280897 ms (FindLiveObjects: 0,210528 ms CreateObjectMapping: 0,094278 ms MarkObjects: 9,881130 ms  DeleteObjects: 0,090429 ms)

========================================================================
Received Prepare
Registering precompiled user dll's ...
Registered in 0,000615 seconds.
Begin MonoManager ReloadAssembly
Native extension for LinuxStandalone target not found
Refreshing native plugins compatible for Editor in 0,27 ms, found 0 plugins.
Preloading 0 native plugins for Editor in 0,00 ms.
Invoked RoslynAnalysisRunner static constructor.
RoslynAnalysisRunner will not be running.
RoslynAnalysisRunner has terminated.
Mono: successfully reloaded assembly
- Completed reload, in  1,135 seconds
Platform modules already initialized, skipping
Refreshing native plugins compatible for Editor in 0,28 ms, found 0 plugins.
Preloading 0 native plugins for Editor in 0,00 ms.
Unloading 1111 Unused Serialized files (Serialized files now loaded: 0)
System memory in use before: 53,1 MB.
System memory in use after: 53,1 MB.

Unloading 5 unused Assets to reduce memory usage. Loaded Objects now: 1616.
Total: 3,605681 ms (FindLiveObjects: 0,179475 ms CreateObjectMapping: 0,056202 ms MarkObjects: 3,259143 ms  DeleteObjects: 0,106730 ms)

========================================================================
Received Prepare
Registering precompiled user dll's ...
Registered in 0,000878 seconds.
Begin MonoManager ReloadAssembly
Native extension for LinuxStandalone target not found
Refreshing native plugins compatible for Editor in 0,26 ms, found 0 plugins.
Preloading 0 native plugins for Editor in 0,00 ms.
Invoked RoslynAnalysisRunner static constructor.
RoslynAnalysisRunner will not be running.
RoslynAnalysisRunner has terminated.
Mono: successfully reloaded assembly
- Completed reload, in  1,131 seconds
Platform modules already initialized, skipping
Refreshing native plugins compatible for Editor in 0,27 ms, found 0 plugins.
Preloading 0 native plugins for Editor in 0,00 ms.
Unloading 1111 Unused Serialized files (Serialized files now loaded: 0)
System memory in use before: 53,1 MB.
System memory in use after: 53,2 MB.

Unloading 5 unused Assets to reduce memory usage. Loaded Objects now: 1619.
Total: 3,883914 ms (FindLiveObjects: 0,231325 ms CreateObjectMapping: 0,103755 ms MarkObjects: 3,474933 ms  DeleteObjects: 0,069710 ms)

========================================================================
Received Prepare
Registering precompiled user dll's ...
Registered in 0,001480 seconds.
Begin MonoManager ReloadAssembly
Native extension for LinuxStandalone target not found
Refreshing native plugins compatible for Editor in 0,52 ms, found 0 plugins.
Preloading 0 native plugins for Editor in 0,00 ms.
Invoked RoslynAnalysisRunner static constructor.
RoslynAnalysisRunner will not be running.
RoslynAnalysisRunner has terminated.
Mono: successfully reloaded assembly
- Completed reload, in  1,345 seconds
Platform modules already initialized, skipping
Refreshing native plugins compatible for Editor in 0,27 ms, found 0 plugins.
Preloading 0 native plugins for Editor in 0,00 ms.
Unloading 1112 Unused Serialized files (Serialized files now loaded: 0)
System memory in use before: 53,1 MB.
System memory in use after: 53,2 MB.

Unloading 5 unused Assets to reduce memory usage. Loaded Objects now: 1623.
Total: 3,308732 ms (FindLiveObjects: 0,207274 ms CreateObjectMapping: 0,096155 ms MarkObjects: 2,932081 ms  DeleteObjects: 0,069006 ms)

========================================================================
Received Prepare
Registering precompiled user dll's ...
Registered in 0,000607 seconds.
Begin MonoManager ReloadAssembly
Native extension for LinuxStandalone target not found
Refreshing native plugins compatible for Editor in 0,30 ms, found 0 plugins.
Preloading 0 native plugins for Editor in 0,00 ms.
Invoked RoslynAnalysisRunner static constructor.
RoslynAnalysisRunner will not be running.
RoslynAnalysisRunner has terminated.
Mono: successfully reloaded assembly
- Completed reload, in  1,092 seconds
Platform modules already initialized, skipping
Refreshing native plugins compatible for Editor in 0,26 ms, found 0 plugins.
Preloading 0 native plugins for Editor in 0,00 ms.
Unloading 1112 Unused Serialized files (Serialized files now loaded: 0)
System memory in use before: 53,1 MB.
System memory in use after: 53,2 MB.

Unloading 5 unused Assets to reduce memory usage. Loaded Objects now: 1626.
Total: 3,093126 ms (FindLiveObjects: 0,180392 ms CreateObjectMapping: 0,056425 ms MarkObjects: 2,784764 ms  DeleteObjects: 0,067528 ms)

========================================================================
Received Import Request.
  Time since last request: 3749,706622 seconds.
  path: Assets/FollowPlayer.cs
  artifactKey: Guid(90a4ad9330a6958199bf7f21ca2d3644) Importer(815301076,1909f56bfc062723c751e8b465ee728b)
Start importing Assets/FollowPlayer.cs using Guid(90a4ad9330a6958199bf7f21ca2d3644) Importer(815301076,1909f56bfc062723c751e8b465ee728b)  -> (artifact id: '60b5d28ff5e2bc57db8fb3bbd2b75c86') in 0,209635 seconds
  Import took 0,254440 seconds .

========================================================================
Received Prepare
Registering precompiled user dll's ...
Registered in 0,000915 seconds.
Begin MonoManager ReloadAssembly
Native extension for LinuxStandalone target not found
Refreshing native plugins compatible for Editor in 0,55 ms, found 0 plugins.
Preloading 0 native plugins for Editor in 0,00 ms.
Invoked RoslynAnalysisRunner static constructor.
RoslynAnalysisRunner will not be running.
RoslynAnalysisRunner has terminated.
Mono: successfully reloaded assembly
- Completed reload, in  3,508 seconds
Platform modules already initialized, skipping
Refreshing native plugins compatible for Editor in 0,26 ms, found 0 plugins.
Preloading 0 native plugins for Editor in 0,00 ms.
Unloading 1112 Unused Serialized files (Serialized files now loaded: 0)
System memory in use before: 53,2 MB.
System memory in use after: 53,2 MB.

Unloading 5 unused Assets to reduce memory usage. Loaded Objects now: 1629.
Total: 3,177722 ms (FindLiveObjects: 0,181051 ms CreateObjectMapping: 0,056368 ms MarkObjects: 2,869516 ms  DeleteObjects: 0,066821 ms)

========================================================================
Received Prepare
Registering precompiled user dll's ...
Registered in 0,001816 seconds.
Begin MonoManager ReloadAssembly
Native extension for LinuxStandalone target not found
Refreshing native plugins compatible for Editor in 0,43 ms, found 0 plugins.
Preloading 0 native plugins for Editor in 0,00 ms.
Invoked RoslynAnalysisRunner static constructor.
RoslynAnalysisRunner will not be running.
RoslynAnalysisRunner has terminated.
Mono: successfully reloaded assembly
- Completed reload, in  3,397 seconds
Platform modules already initialized, skipping
Refreshing native plugins compatible for Editor in 0,49 ms, found 0 plugins.
Preloading 0 native plugins for Editor in 0,00 ms.
Unloading 1112 Unused Serialized files (Serialized files now loaded: 0)
System memory in use before: 53,2 MB.
System memory in use after: 53,2 MB.

Unloading 5 unused Assets to reduce memory usage. Loaded Objects now: 1632.
Total: 4,061268 ms (FindLiveObjects: 0,238567 ms CreateObjectMapping: 0,123392 ms MarkObjects: 3,612478 ms  DeleteObjects: 0,082838 ms)

========================================================================
Received Prepare
Registering precompiled user dll's ...
Registered in 0,001547 seconds.
Begin MonoManager ReloadAssembly
Native extension for LinuxStandalone target not found
Refreshing native plugins compatible for Editor in 0,42 ms, found 0 plugins.
Preloading 0 native plugins for Editor in 0,00 ms.
Invoked RoslynAnalysisRunner static constructor.
RoslynAnalysisRunner will not be running.
RoslynAnalysisRunner has terminated.
Mono: successfully reloaded assembly
- Completed reload, in  3,875 seconds
Platform modules already initialized, skipping
Refreshing native plugins compatible for Editor in 0,44 ms, found 0 plugins.
Preloading 0 native plugins for Editor in 0,00 ms.
Unloading 1113 Unused Serialized files (Serialized files now loaded: 0)
System memory in use before: 53,2 MB.
System memory in use after: 53,3 MB.

Unloading 5 unused Assets to reduce memory usage. Loaded Objects now: 1636.
Total: 60,617423 ms (FindLiveObjects: 0,338128 ms CreateObjectMapping: 0,146564 ms MarkObjects: 57,672317 ms  DeleteObjects: 2,379439 ms)

========================================================================
Received Prepare
Registering precompiled user dll's ...
Registered in 0,001707 seconds.
Begin MonoManager ReloadAssembly
Native extension for LinuxStandalone target not found
Refreshing native plugins compatible for Editor in 0,27 ms, found 0 plugins.
Preloading 0 native plugins for Editor in 0,00 ms.
Invoked RoslynAnalysisRunner static constructor.
RoslynAnalysisRunner will not be running.
RoslynAnalysisRunner has terminated.
Mono: successfully reloaded assembly
- Completed reload, in  1,120 seconds
Platform modules already initialized, skipping
Refreshing native plugins compatible for Editor in 0,29 ms, found 0 plugins.
Preloading 0 native plugins for Editor in 0,00 ms.
Unloading 1113 Unused Serialized files (Serialized files now loaded: 0)
System memory in use before: 53,2 MB.
System memory in use after: 53,3 MB.

Unloading 5 unused Assets to reduce memory usage. Loaded Objects now: 1639.
Total: 3,464193 ms (FindLiveObjects: 0,198298 ms CreateObjectMapping: 0,057022 ms MarkObjects: 3,132599 ms  DeleteObjects: 0,072267 ms)

========================================================================
Received Import Request.
  Time since last request: 753,574465 seconds.
  path: Assets/PlayerCollision.cs
  artifactKey: Guid(19c03cf117d8960d7b7e2d37aad19ecc) Importer(815301076,1909f56bfc062723c751e8b465ee728b)
Start importing Assets/PlayerCollision.cs using Guid(19c03cf117d8960d7b7e2d37aad19ecc) Importer(815301076,1909f56bfc062723c751e8b465ee728b)  -> (artifact id: '3e562ad162a127a0f36d44bcc7c8ecc3') in 0,018580 seconds
  Import took 0,021653 seconds .

========================================================================
Received Import Request.
  Time since last request: 0,001493 seconds.
  path: Assets/PlayerCollision.cs
  artifactKey: Guid(19c03cf117d8960d7b7e2d37aad19ecc) Importer(815301076,1909f56bfc062723c751e8b465ee728b)
Start importing Assets/PlayerCollision.cs using Guid(19c03cf117d8960d7b7e2d37aad19ecc) Importer(815301076,1909f56bfc062723c751e8b465ee728b)  -> (artifact id: '3e562ad162a127a0f36d44bcc7c8ecc3') in 0,000961 seconds
  Import took 0,003885 seconds .

========================================================================
Received Prepare
Registering precompiled user dll's ...
Registered in 0,000607 seconds.
Begin MonoManager ReloadAssembly
Native extension for LinuxStandalone target not found
Refreshing native plugins compatible for Editor in 0,27 ms, found 0 plugins.
Preloading 0 native plugins for Editor in 0,00 ms.
Invoked RoslynAnalysisRunner static constructor.
RoslynAnalysisRunner will not be running.
RoslynAnalysisRunner has terminated.
Mono: successfully reloaded assembly
- Completed reload, in  1,166 seconds
Platform modules already initialized, skipping
Refreshing native plugins compatible for Editor in 0,52 ms, found 0 plugins.
Preloading 0 native plugins for Editor in 0,00 ms.
Unloading 1113 Unused Serialized files (Serialized files now loaded: 0)
System memory in use before: 53,2 MB.
System memory in use after: 53,3 MB.

Unloading 5 unused Assets to reduce memory usage. Loaded Objects now: 1642.
Total: 3,948185 ms (FindLiveObjects: 0,325178 ms CreateObjectMapping: 0,067921 ms MarkObjects: 3,434217 ms  DeleteObjects: 0,116636 ms)

========================================================================
Received Import Request.
  Time since last request: 571,911314 seconds.
  path: Assets/PlayerCollision.cs
  artifactKey: Guid(19c03cf117d8960d7b7e2d37aad19ecc) Importer(815301076,1909f56bfc062723c751e8b465ee728b)
Start importing Assets/PlayerCollision.cs using Guid(19c03cf117d8960d7b7e2d37aad19ecc) Importer(815301076,1909f56bfc062723c751e8b465ee728b)  -> (artifact id: '003c8ddebc64aa924c3a394ae906bc84') in 0,003874 seconds
  Import took 0,026023 seconds .

========================================================================
Received Import Request.
  Time since last request: 368,261908 seconds.
  path: Assets/Obstacle black material.mat
  artifactKey: Guid(d86e4caec4f8b62c08df925b62bc3395) Importer(815301076,1909f56bfc062723c751e8b465ee728b)
Start importing Assets/Obstacle black material.mat using Guid(d86e4caec4f8b62c08df925b62bc3395) Importer(815301076,1909f56bfc062723c751e8b465ee728b)  -> (artifact id: '8cf329dcce54c471b3a1257ee26cd012') in 1,819997 seconds
  Import took 1,841833 seconds .

========================================================================
Received Import Request.
  Time since last request: 703,740617 seconds.
  path: ProjectSettings/TagManager.asset
  artifactKey: Guid(00000000000000003000000000000000) Importer(815301076,1909f56bfc062723c751e8b465ee728b)
Start importing ProjectSettings/TagManager.asset using Guid(00000000000000003000000000000000) Importer(815301076,1909f56bfc062723c751e8b465ee728b)  -> (artifact id: '9274ce4079a5137dd04f6e6c4d809583') in 0,039537 seconds
  Import took 0,044048 seconds .

========================================================================
Received Import Request.
  Time since last request: 0,041842 seconds.
  path: ProjectSettings/TagManager.asset
  artifactKey: Guid(00000000000000003000000000000000) Importer(815301076,1909f56bfc062723c751e8b465ee728b)
Start importing ProjectSettings/TagManager.asset using Guid(00000000000000003000000000000000) Importer(815301076,1909f56bfc062723c751e8b465ee728b)  -> (artifact id: '9274ce4079a5137dd04f6e6c4d809583') in 0,003904 seconds
  Import took 0,008444 seconds .

========================================================================
Received Prepare
Registering precompiled user dll's ...
Registered in 0,002535 seconds.
Begin MonoManager ReloadAssembly
Native extension for LinuxStandalone target not found
Refreshing native plugins compatible for Editor in 0,27 ms, found 0 plugins.
Preloading 0 native plugins for Editor in 0,00 ms.
Invoked RoslynAnalysisRunner static constructor.
RoslynAnalysisRunner will not be running.
RoslynAnalysisRunner has terminated.
Mono: successfully reloaded assembly
- Completed reload, in  1,269 seconds
Platform modules already initialized, skipping
Refreshing native plugins compatible for Editor in 0,57 ms, found 0 plugins.
Preloading 0 native plugins for Editor in 0,00 ms.
Unloading 1113 Unused Serialized files (Serialized files now loaded: 0)
System memory in use before: 53,2 MB.
System memory in use after: 53,3 MB.

Unloading 7 unused Assets to reduce memory usage. Loaded Objects now: 1646.
Total: 4,182425 ms (FindLiveObjects: 0,245461 ms CreateObjectMapping: 0,121725 ms MarkObjects: 3,627882 ms  DeleteObjects: 0,182831 ms)

========================================================================
Received Prepare
Registering precompiled user dll's ...
Registered in 0,001609 seconds.
Begin MonoManager ReloadAssembly
Native extension for LinuxStandalone target not found
Refreshing native plugins compatible for Editor in 0,53 ms, found 0 plugins.
Preloading 0 native plugins for Editor in 0,00 ms.
Invoked RoslynAnalysisRunner static constructor.
RoslynAnalysisRunner will not be running.
RoslynAnalysisRunner has terminated.
Mono: successfully reloaded assembly
- Completed reload, in  3,427 seconds
Platform modules already initialized, skipping
Refreshing native plugins compatible for Editor in 0,45 ms, found 0 plugins.
Preloading 0 native plugins for Editor in 0,00 ms.
Unloading 1113 Unused Serialized files (Serialized files now loaded: 0)
System memory in use before: 53,2 MB.
System memory in use after: 53,3 MB.

Unloading 5 unused Assets to reduce memory usage. Loaded Objects now: 1649.
Total: 4,356707 ms (FindLiveObjects: 0,370247 ms CreateObjectMapping: 0,146452 ms MarkObjects: 3,720342 ms  DeleteObjects: 0,115184 ms)

========================================================================
Received Prepare
Registering precompiled user dll's ...
Registered in 0,000617 seconds.
Begin MonoManager ReloadAssembly
Native extension for LinuxStandalone target not found
Refreshing native plugins compatible for Editor in 0,53 ms, found 0 plugins.
Preloading 0 native plugins for Editor in 0,00 ms.
Invoked RoslynAnalysisRunner static constructor.
RoslynAnalysisRunner will not be running.
RoslynAnalysisRunner has terminated.
Mono: successfully reloaded assembly
- Completed reload, in  1,978 seconds
Platform modules already initialized, skipping
Refreshing native plugins compatible for Editor in 0,44 ms, found 0 plugins.
Preloading 0 native plugins for Editor in 0,00 ms.
Unloading 1113 Unused Serialized files (Serialized files now loaded: 0)
System memory in use before: 53,2 MB.
System memory in use after: 53,3 MB.

Unloading 5 unused Assets to reduce memory usage. Loaded Objects now: 1652.
Total: 3,793090 ms (FindLiveObjects: 0,271667 ms CreateObjectMapping: 0,071758 ms MarkObjects: 3,354928 ms  DeleteObjects: 0,090361 ms)

AssetImportWorkerClient::OnTransportError - code=2 error=End of file
