Using pre-set license
Desktop is 1366 x 768 @ 60 Hz

 COMMAND LINE ARGUMENTS:
Unity
-adb2
-batchMode
-noUpm
-name
AssetImportWorker3
-projectPath
/home/neil/Computacion_grafica/computer_graphics_video_game/project_3
-logFile
Logs/AssetImportWorker3.log
-srvPort
38005
Successfully changed project path to: /home/neil/Computacion_grafica/computer_graphics_video_game/project_3
/home/neil/Computacion_grafica/computer_graphics_video_game/project_3
Using Asset Import Pipeline V2.
Refreshing native plugins compatible for Editor in 62,43 ms, found 0 plugins.
Preloading 0 native plugins for Editor in 0,00 ms.
Initialize engine version: 2020.3.3f1 (76626098c1c4)
[Subsystems] Discovering subsystems at path /home/neil/Unity/Hub/Editor/2020.3.3f1/Editor/Data/Resources/UnitySubsystems
[Subsystems] Discovering subsystems at path /home/neil/Computacion_grafica/computer_graphics_video_game/project_3/Assets
GLX Extensions: GLX_ARB_create_context GLX_ARB_create_context_profile GLX_ARB_create_context_robustness GLX_ARB_fbconfig_float GLX_ARB_framebuffer_sRGB GLX_ARB_get_proc_address GLX_ARB_multisample GLX_EXT_import_context GLX_EXT_visual_info GLX_EXT_visual_rating GLX_EXT_fbconfig_packed_float GLX_EXT_framebuffer_sRGB GLX_EXT_create_context_es2_profile GLX_EXT_create_context_es_profile GLX_MESA_copy_sub_buffer GLX_MESA_multithread_makecurrent GLX_MESA_query_renderer GLX_MESA_swap_control GLX_OML_swap_method GLX_OML_sync_control GLX_SGI_make_current_read GLX_SGI_swap_control GLX_SGI_video_sync GLX_SGIS_multisample GLX_SGIX_fbconfig GLX_SGIX_pbuffer GLX_SGIX_visual_select_group GLX_EXT_texture_from_pixmap GLX_INTEL_swap_event GLX_EXT_buffer_age 
Renderer: Mesa DRI Intel(R) Haswell Mobile 
Vendor:   Intel Open Source Technology Center
Version:  3.3 (Core Profile) Mesa 13.0.6
GLES:     0
 GL_3DFX_texture_compression_FXT1 GL_AMD_conservative_depth GL_AMD_draw_buffers_blend GL_AMD_seamless_cubemap_per_texture GL_AMD_shader_trinary_minmax GL_AMD_vertex_shader_layer GL_AMD_vertex_shader_viewport_index GL_ANGLE_texture_compression_dxt3 GL_ANGLE_texture_compression_dxt5 GL_APPLE_object_purgeable GL_ARB_ES2_compatibility GL_ARB_ES3_1_compatibility GL_ARB_ES3_compatibility GL_ARB_arrays_of_arrays GL_ARB_base_instance GL_ARB_blend_func_extended GL_ARB_buffer_storage GL_ARB_clear_buffer_object GL_ARB_clear_texture GL_ARB_clip_control GL_ARB_compressed_texture_pixel_storage GL_ARB_compute_shader GL_ARB_conditional_render_inverted GL_ARB_conservative_depth GL_ARB_copy_buffer GL_ARB_copy_image GL_ARB_cull_distance GL_ARB_debug_output GL_ARB_depth_buffer_float GL_ARB_depth_clamp GL_ARB_derivative_control GL_ARB_direct_state_access GL_ARB_draw_buffers GL_ARB_draw_buffers_blend GL_ARB_draw_elements_base_vertex GL_ARB_draw_indirect GL_ARB_draw_instanced GL_ARB_enhanced_layouts GL_ARB_explicit_attrib_location
 GL_ARB_explicit_uniform_location GL_ARB_fragment_coord_conventions GL_ARB_fragment_layer_viewport GL_ARB_fragment_shader GL_ARB_framebuffer_no_attachments GL_ARB_framebuffer_object GL_ARB_framebuffer_sRGB GL_ARB_get_program_binary GL_ARB_get_texture_sub_image GL_ARB_gpu_shader5 GL_ARB_half_float_pixel GL_ARB_half_float_vertex GL_ARB_instanced_arrays GL_ARB_internalformat_query GL_ARB_internalformat_query2 GL_ARB_invalidate_subdata GL_ARB_map_buffer_alignment GL_ARB_map_buffer_range GL_ARB_multi_bind GL_ARB_multi_draw_indirect GL_ARB_occlusion_query2 GL_ARB_pipeline_statistics_query GL_ARB_pixel_buffer_object GL_ARB_point_sprite GL_ARB_program_interface_query GL_ARB_provoking_vertex GL_ARB_query_buffer_object GL_ARB_robust_buffer_access_behavior GL_ARB_robustness GL_ARB_sample_shading GL_ARB_sampler_objects GL_ARB_seamless_cube_map GL_ARB_seamless_cubemap_per_texture GL_ARB_separate_shader_objects GL_ARB_shader_atomic_counter_ops GL_ARB_shader_atomic_counters GL_ARB_shader_bit_encoding GL_ARB_shader_clock GL
_ARB_shader_draw_parameters GL_ARB_shader_image_load_store GL_ARB_shader_image_size GL_ARB_shader_objects GL_ARB_shader_storage_buffer_object GL_ARB_shader_subroutine GL_ARB_shader_texture_image_samples GL_ARB_shader_texture_lod GL_ARB_shader_viewport_layer_array GL_ARB_shading_language_420pack GL_ARB_shading_language_packing GL_ARB_stencil_texturing GL_ARB_sync GL_ARB_tessellation_shader GL_ARB_texture_barrier GL_ARB_texture_buffer_object GL_ARB_texture_buffer_object_rgb32 GL_ARB_texture_buffer_range GL_ARB_texture_compression_bptc GL_ARB_texture_compression_rgtc GL_ARB_texture_cube_map_array GL_ARB_texture_float GL_ARB_texture_gather GL_ARB_texture_mirror_clamp_to_edge GL_ARB_texture_multisample GL_ARB_texture_non_power_of_two GL_ARB_texture_query_levels GL_ARB_texture_query_lod GL_ARB_texture_rectangle GL_ARB_texture_rg GL_ARB_texture_rgb10_a2ui GL_ARB_texture_stencil8 GL_ARB_texture_storage GL_ARB_texture_storage_multisample GL_ARB_texture_swizzle GL_ARB_texture_view GL_ARB_timer_query GL_ARB_transform_f
eedback2 GL_ARB_transform_feedback3 GL_ARB_transform_feedback_instanced GL_ARB_uniform_buffer_object GL_ARB_vertex_array_bgra GL_ARB_vertex_array_object GL_ARB_vertex_attrib_binding GL_ARB_vertex_shader GL_ARB_vertex_type_10f_11f_11f_rev GL_ARB_vertex_type_2_10_10_10_rev GL_ARB_viewport_array GL_ATI_blend_equation_separate GL_ATI_texture_float GL_EXT_abgr GL_EXT_blend_equation_separate GL_EXT_draw_buffers2 GL_EXT_draw_instanced GL_EXT_framebuffer_blit GL_EXT_framebuffer_multisample GL_EXT_framebuffer_multisample_blit_scaled GL_EXT_framebuffer_sRGB GL_EXT_packed_depth_stencil GL_EXT_packed_float GL_EXT_pixel_buffer_object GL_EXT_polygon_offset_clamp GL_EXT_provoking_vertex GL_EXT_shader_integer_mix GL_EXT_shader_samples_identical GL_EXT_texture_array GL_EXT_texture_compression_dxt1 GL_EXT_texture_compression_rgtc GL_EXT_texture_compression_s3tc GL_EXT_texture_filter_anisotropic GL_EXT_texture_integer GL_EXT_texture_sRGB GL_EXT_texture_sRGB_decode GL_EXT_texture_shared_exponent GL_EXT_texture_snorm GL_EXT_text
ure_swizzle GL_EXT_timer_query GL_EXT_transform_feedback GL_EXT_vertex_array_bgra GL_IBM_multimode_draw_arrays GL_KHR_blend_equation_advanced GL_KHR_context_flush_control GL_KHR_debug GL_KHR_robust_buffer_access_behavior GL_KHR_robustness GL_MESA_pack_invert GL_MESA_shader_integer_functions GL_MESA_texture_signed_rgba GL_NV_conditional_render GL_NV_depth_clamp GL_NV_packed_depth_stencil GL_NV_texture_barrier GL_OES_EGL_image GL_S3_s3tc
OPENGL LOG: Creating OpenGL 3.3 graphics device ; Context level  <OpenGL 3.3> ; Context handle 1532286912
Shader 'Universal Render Pipeline/Particles/Lit': fallback shader 'Universal Render Pipeline/Particles/SimpleLit' not found
Initialize mono
Mono path[0] = '/home/neil/Unity/Hub/Editor/2020.3.3f1/Editor/Data/Managed'
Mono path[1] = '/home/neil/Unity/Hub/Editor/2020.3.3f1/Editor/Data/MonoBleedingEdge/lib/mono/unityjit'
Mono config path = '/home/neil/Unity/Hub/Editor/2020.3.3f1/Editor/Data/MonoBleedingEdge/etc'
Using monoOptions --debugger-agent=transport=dt_socket,embedding=1,server=y,suspend=n,address=127.0.0.1:56342
Begin MonoManager ReloadAssembly
Registering precompiled unity dll's ...
Register platform support module: /home/neil/Unity/Hub/Editor/2020.3.3f1/Editor/Data/PlaybackEngines/LinuxStandaloneSupport/UnityEditor.LinuxStandalone.Extensions.dll
Registered in 0,001630 seconds.
Native extension for LinuxStandalone target not found
Refreshing native plugins compatible for Editor in 67,11 ms, found 0 plugins.
Preloading 0 native plugins for Editor in 0,00 ms.
Invoked RoslynAnalysisRunner static constructor.
RoslynAnalysisRunner will not be running.
RoslynAnalysisRunner has terminated.
Mono: successfully reloaded assembly
- Completed reload, in  1,215 seconds
Platform modules already initialized, skipping
Registering precompiled user dll's ...
Registered in 0,001153 seconds.
Begin MonoManager ReloadAssembly
Native extension for LinuxStandalone target not found
Refreshing native plugins compatible for Editor in 68,36 ms, found 0 plugins.
Preloading 0 native plugins for Editor in 0,00 ms.
Invoked RoslynAnalysisRunner static constructor.
RoslynAnalysisRunner will not be running.
RoslynAnalysisRunner has terminated.
Mono: successfully reloaded assembly
- Completed reload, in  2,659 seconds
Platform modules already initialized, skipping
========================================================================
Worker process is ready to serve import requests
Shader 'Universal Render Pipeline/Particles/Lit': fallback shader 'Universal Render Pipeline/Particles/SimpleLit' not found
Launched and connected shader compiler UnityShaderCompiler after 0.12 seconds
Refreshing native plugins compatible for Editor in 559,73 ms, found 0 plugins.
Preloading 0 native plugins for Editor in 0,00 ms.
Unloading 2434 Unused Serialized files (Serialized files now loaded: 0)
System memory in use before: 107,6 MB.
System memory in use after: 107,8 MB.

Unloading 11 unused Assets to reduce memory usage. Loaded Objects now: 2879.
Total: 259,922491 ms (FindLiveObjects: 0,372807 ms CreateObjectMapping: 0,177613 ms MarkObjects: 244,983449 ms  DeleteObjects: 14,383435 ms)

========================================================================
Received Import Request.
  path: Assets/CompleteLevel.cs
  artifactKey: Guid(3203ec22fd741ffe4882c0c66df97504) Importer(815301076,1909f56bfc062723c751e8b465ee728b)
Start importing Assets/CompleteLevel.cs using Guid(3203ec22fd741ffe4882c0c66df97504) Importer(815301076,1909f56bfc062723c751e8b465ee728b)  -> (artifact id: 'ae61cf78da55a528724a1329de2edc96') in 0,905876 seconds
  Import took 1,098370 seconds .

========================================================================
Received Prepare
Registering precompiled user dll's ...
Registered in 0,001134 seconds.
Begin MonoManager ReloadAssembly
Native extension for LinuxStandalone target not found
Refreshing native plugins compatible for Editor in 0,59 ms, found 0 plugins.
Preloading 0 native plugins for Editor in 0,00 ms.
Invoked RoslynAnalysisRunner static constructor.
RoslynAnalysisRunner will not be running.
RoslynAnalysisRunner has terminated.
Mono: successfully reloaded assembly
- Completed reload, in  2,600 seconds
Platform modules already initialized, skipping
Shader 'Universal Render Pipeline/Particles/Lit': fallback shader 'Universal Render Pipeline/Particles/SimpleLit' not found
Refreshing native plugins compatible for Editor in 0,52 ms, found 0 plugins.
Preloading 0 native plugins for Editor in 0,00 ms.
Unloading 2324 Unused Serialized files (Serialized files now loaded: 0)
System memory in use before: 100,6 MB.
System memory in use after: 100,8 MB.

Unloading 6 unused Assets to reduce memory usage. Loaded Objects now: 2882.
Total: 89,944245 ms (FindLiveObjects: 0,351270 ms CreateObjectMapping: 0,140144 ms MarkObjects: 70,136177 ms  DeleteObjects: 0,105435 ms)

========================================================================
Received Import Request.
  Time since last request: 349,110501 seconds.
  path: Assets/CompleteLevel.cs
  artifactKey: Guid(3203ec22fd741ffe4882c0c66df97504) Importer(815301076,1909f56bfc062723c751e8b465ee728b)
Start importing Assets/CompleteLevel.cs using Guid(3203ec22fd741ffe4882c0c66df97504) Importer(815301076,1909f56bfc062723c751e8b465ee728b)  -> (artifact id: 'a7041c8539eb67fe5f9b3ab8fba86f2e') in 0,107774 seconds
  Import took 0,130211 seconds .

========================================================================
Received Import Request.
  Time since last request: 319,254302 seconds.
  path: Assets/Level01.unity
  artifactKey: Guid(45c99e691b7448541b83e1d9bf085e19) Importer(815301076,1909f56bfc062723c751e8b465ee728b)
Start importing Assets/Level01.unity using Guid(45c99e691b7448541b83e1d9bf085e19) Importer(815301076,1909f56bfc062723c751e8b465ee728b)  -> (artifact id: '37d6b55aa0ce27f2da0b8db8f136cc3a') in 0,051790 seconds
  Import took 0,076198 seconds .

========================================================================
Received Import Request.
  Time since last request: 2,643895 seconds.
  path: Assets/Level01 1.unity
  artifactKey: Guid(b968c5e27101293119903bfa56ca502f) Importer(815301076,1909f56bfc062723c751e8b465ee728b)
Start importing Assets/Level01 1.unity using Guid(b968c5e27101293119903bfa56ca502f) Importer(815301076,1909f56bfc062723c751e8b465ee728b)  -> (artifact id: 'd986d561ed4710f3025ec969f7a3e87a') in 0,030099 seconds
  Import took 0,040522 seconds .

========================================================================
Received Import Request.
  Time since last request: 20,429933 seconds.
  path: Assets/Level02.unity
  artifactKey: Guid(b968c5e27101293119903bfa56ca502f) Importer(815301076,1909f56bfc062723c751e8b465ee728b)
Start importing Assets/Level02.unity using Guid(b968c5e27101293119903bfa56ca502f) Importer(815301076,1909f56bfc062723c751e8b465ee728b)  -> (artifact id: '839139ffdb4670bf1ff97d43916d6759') in 0,025019 seconds
  Import took 0,033942 seconds .

========================================================================
Received Prepare
Registering precompiled user dll's ...
Registered in 0,001102 seconds.
Begin MonoManager ReloadAssembly
Native extension for LinuxStandalone target not found
Refreshing native plugins compatible for Editor in 0,50 ms, found 0 plugins.
Preloading 0 native plugins for Editor in 0,00 ms.
Invoked RoslynAnalysisRunner static constructor.
RoslynAnalysisRunner will not be running.
RoslynAnalysisRunner has terminated.
Mono: successfully reloaded assembly
- Completed reload, in  1,325 seconds
Platform modules already initialized, skipping
Shader 'Universal Render Pipeline/Particles/Lit': fallback shader 'Universal Render Pipeline/Particles/SimpleLit' not found
Refreshing native plugins compatible for Editor in 0,51 ms, found 0 plugins.
Preloading 0 native plugins for Editor in 0,00 ms.
Unloading 2324 Unused Serialized files (Serialized files now loaded: 0)
System memory in use before: 100,7 MB.
System memory in use after: 100,8 MB.

Unloading 6 unused Assets to reduce memory usage. Loaded Objects now: 2885.
Total: 3,986503 ms (FindLiveObjects: 0,353658 ms CreateObjectMapping: 0,131970 ms MarkObjects: 3,400133 ms  DeleteObjects: 0,095803 ms)

========================================================================
Received Import Request.
  Time since last request: 1263,446158 seconds.
  path: Assets/Level01.unity
  artifactKey: Guid(45c99e691b7448541b83e1d9bf085e19) Importer(815301076,1909f56bfc062723c751e8b465ee728b)
Start importing Assets/Level01.unity using Guid(45c99e691b7448541b83e1d9bf085e19) Importer(815301076,1909f56bfc062723c751e8b465ee728b)  -> (artifact id: 'ae5c17cadaa44349e5445c3268c42b0e') in 0,018551 seconds
  Import took 0,085123 seconds .

========================================================================
Received Prepare
Registering precompiled user dll's ...
Registered in 0,001303 seconds.
Begin MonoManager ReloadAssembly
Native extension for LinuxStandalone target not found
Refreshing native plugins compatible for Editor in 0,51 ms, found 0 plugins.
Preloading 0 native plugins for Editor in 0,00 ms.
Invoked RoslynAnalysisRunner static constructor.
RoslynAnalysisRunner will not be running.
RoslynAnalysisRunner has terminated.
Mono: successfully reloaded assembly
- Completed reload, in  1,306 seconds
Platform modules already initialized, skipping
Shader 'Universal Render Pipeline/Particles/Lit': fallback shader 'Universal Render Pipeline/Particles/SimpleLit' not found
Refreshing native plugins compatible for Editor in 0,51 ms, found 0 plugins.
Preloading 0 native plugins for Editor in 0,00 ms.
Unloading 2324 Unused Serialized files (Serialized files now loaded: 0)
System memory in use before: 100,7 MB.
System memory in use after: 100,9 MB.

Unloading 6 unused Assets to reduce memory usage. Loaded Objects now: 2888.
Total: 3,887493 ms (FindLiveObjects: 0,311031 ms CreateObjectMapping: 0,147533 ms MarkObjects: 3,327301 ms  DeleteObjects: 0,097872 ms)

========================================================================
Received Prepare
Registering precompiled user dll's ...
Registered in 0,086225 seconds.
Begin MonoManager ReloadAssembly
Native extension for LinuxStandalone target not found
Refreshing native plugins compatible for Editor in 0,53 ms, found 0 plugins.
Preloading 0 native plugins for Editor in 0,00 ms.
Invoked RoslynAnalysisRunner static constructor.
RoslynAnalysisRunner will not be running.
RoslynAnalysisRunner has terminated.
Mono: successfully reloaded assembly
- Completed reload, in  2,573 seconds
Platform modules already initialized, skipping
Shader 'Universal Render Pipeline/Particles/Lit': fallback shader 'Universal Render Pipeline/Particles/SimpleLit' not found
Refreshing native plugins compatible for Editor in 0,64 ms, found 0 plugins.
Preloading 0 native plugins for Editor in 0,00 ms.
Unloading 2324 Unused Serialized files (Serialized files now loaded: 0)
System memory in use before: 100,7 MB.
System memory in use after: 100,9 MB.

Unloading 6 unused Assets to reduce memory usage. Loaded Objects now: 2891.
Total: 5,607020 ms (FindLiveObjects: 0,486990 ms CreateObjectMapping: 0,192951 ms MarkObjects: 4,756977 ms  DeleteObjects: 0,166004 ms)

========================================================================
Received Import Request.
  Time since last request: 257,117709 seconds.
  path: Assets/Level02.unity
  artifactKey: Guid(b968c5e27101293119903bfa56ca502f) Importer(815301076,1909f56bfc062723c751e8b465ee728b)
Start importing Assets/Level02.unity using Guid(b968c5e27101293119903bfa56ca502f) Importer(815301076,1909f56bfc062723c751e8b465ee728b)  -> (artifact id: '6abef73678a6990b90b2a9fb88e46748') in 0,134556 seconds
  Import took 0,189426 seconds .

========================================================================
Received Import Request.
  Time since last request: 11,101526 seconds.
  path: Assets/CompleteLevel.cs
  artifactKey: Guid(3203ec22fd741ffe4882c0c66df97504) Importer(815301076,1909f56bfc062723c751e8b465ee728b)
Start importing Assets/CompleteLevel.cs using Guid(3203ec22fd741ffe4882c0c66df97504) Importer(815301076,1909f56bfc062723c751e8b465ee728b)  -> (artifact id: 'a474252f5ad7fef787409ecea0e56bc3') in 0,010239 seconds
  Import took 0,017365 seconds .

========================================================================
Received Prepare
Registering precompiled user dll's ...
Registered in 0,001177 seconds.
Begin MonoManager ReloadAssembly
Native extension for LinuxStandalone target not found
Refreshing native plugins compatible for Editor in 0,52 ms, found 0 plugins.
Preloading 0 native plugins for Editor in 0,00 ms.
Invoked RoslynAnalysisRunner static constructor.
RoslynAnalysisRunner will not be running.
RoslynAnalysisRunner has terminated.
Mono: successfully reloaded assembly
- Completed reload, in  6,346 seconds
Platform modules already initialized, skipping
Shader 'Universal Render Pipeline/Particles/Lit': fallback shader 'Universal Render Pipeline/Particles/SimpleLit' not found
Refreshing native plugins compatible for Editor in 0,51 ms, found 0 plugins.
Preloading 0 native plugins for Editor in 0,00 ms.
Unloading 2324 Unused Serialized files (Serialized files now loaded: 0)
System memory in use before: 100,6 MB.
System memory in use after: 100,8 MB.

Unloading 6 unused Assets to reduce memory usage. Loaded Objects now: 2894.
Total: 4,095624 ms (FindLiveObjects: 0,359820 ms CreateObjectMapping: 0,153949 ms MarkObjects: 3,488074 ms  DeleteObjects: 0,089744 ms)

========================================================================
Received Prepare
Registering precompiled user dll's ...
Registered in 0,001144 seconds.
Begin MonoManager ReloadAssembly
Native extension for LinuxStandalone target not found
Refreshing native plugins compatible for Editor in 0,52 ms, found 0 plugins.
Preloading 0 native plugins for Editor in 0,00 ms.
Invoked RoslynAnalysisRunner static constructor.
RoslynAnalysisRunner will not be running.
RoslynAnalysisRunner has terminated.
Mono: successfully reloaded assembly
- Completed reload, in  9,638 seconds
Platform modules already initialized, skipping
Shader 'Universal Render Pipeline/Particles/Lit': fallback shader 'Universal Render Pipeline/Particles/SimpleLit' not found
Refreshing native plugins compatible for Editor in 0,53 ms, found 0 plugins.
Preloading 0 native plugins for Editor in 0,00 ms.
Unloading 2324 Unused Serialized files (Serialized files now loaded: 0)
System memory in use before: 100,7 MB.
System memory in use after: 100,9 MB.

Unloading 6 unused Assets to reduce memory usage. Loaded Objects now: 2897.
Total: 4,446456 ms (FindLiveObjects: 0,363345 ms CreateObjectMapping: 0,147352 ms MarkObjects: 3,841235 ms  DeleteObjects: 0,089798 ms)

========================================================================
Received Import Request.
  Time since last request: 878,357396 seconds.
  path: Assets/Player.prefab
  artifactKey: Guid(33ea5b3c3ba2ed6c1ba3d1ffb785c01f) Importer(815301076,1909f56bfc062723c751e8b465ee728b)
Start importing Assets/Player.prefab using Guid(33ea5b3c3ba2ed6c1ba3d1ffb785c01f) Importer(815301076,1909f56bfc062723c751e8b465ee728b)  -> (artifact id: '0b8f8696205a064bc78058101dafd32e') in 2,312711 seconds
  Import took 2,350882 seconds .

========================================================================
Received Import Request.
  Time since last request: 13,058019 seconds.
  path: Assets/GameManager.prefab
  artifactKey: Guid(b680c5355de2097d989f5f7b317c0c4b) Importer(815301076,1909f56bfc062723c751e8b465ee728b)
Start importing Assets/GameManager.prefab using Guid(b680c5355de2097d989f5f7b317c0c4b) Importer(815301076,1909f56bfc062723c751e8b465ee728b)  -> (artifact id: '7a259d284f7d99c15317a6e104098767') in 0,053386 seconds
  Import took 0,089939 seconds .

========================================================================
Received Import Request.
  Time since last request: 75,239828 seconds.
  path: Assets/Main Camera.prefab
  artifactKey: Guid(14453e75f1656645ebdbcf20a57001f8) Importer(815301076,1909f56bfc062723c751e8b465ee728b)
Start importing Assets/Main Camera.prefab using Guid(14453e75f1656645ebdbcf20a57001f8) Importer(815301076,1909f56bfc062723c751e8b465ee728b)  -> (artifact id: '925eea2cc375cfe48e0eea631304c6cc') in 0,058632 seconds
  Import took 0,065895 seconds .

========================================================================
Received Import Request.
  Time since last request: 28,409680 seconds.
  path: Assets/END.prefab
  artifactKey: Guid(180962d42a6ac8c368bb3bf34f591c0c) Importer(815301076,1909f56bfc062723c751e8b465ee728b)
Start importing Assets/END.prefab using Guid(180962d42a6ac8c368bb3bf34f591c0c) Importer(815301076,1909f56bfc062723c751e8b465ee728b)  -> (artifact id: '4b4b5bdb4bd4dbfd902cd1337bd85c81') in 0,081382 seconds
  Import took 0,087903 seconds .

========================================================================
Received Import Request.
  Time since last request: 0,163769 seconds.
  path: Assets/END.prefab
  artifactKey: Guid(180962d42a6ac8c368bb3bf34f591c0c) Importer(815301076,1909f56bfc062723c751e8b465ee728b)
Start importing Assets/END.prefab using Guid(180962d42a6ac8c368bb3bf34f591c0c) Importer(815301076,1909f56bfc062723c751e8b465ee728b)  -> (artifact id: '4b4b5bdb4bd4dbfd902cd1337bd85c81') in 0,052469 seconds
  Import took 0,080390 seconds .

========================================================================
Received Import Request.
  Time since last request: 6,477686 seconds.
  path: Assets/Canvas.prefab
  artifactKey: Guid(edc5deb1b09a6ea52a657aa2f433600a) Importer(815301076,1909f56bfc062723c751e8b465ee728b)
Start importing Assets/Canvas.prefab using Guid(edc5deb1b09a6ea52a657aa2f433600a) Importer(815301076,1909f56bfc062723c751e8b465ee728b)  -> (artifact id: 'db47c392e69a43c653c7b6cd7c6121e3') in 0,207702 seconds
  Import took 0,244686 seconds .

========================================================================
Received Import Request.
  Time since last request: 73,693948 seconds.
  path: Assets/Prefabs
  artifactKey: Guid(96c58c82e15588e779d730ba7f7b7054) Importer(815301076,1909f56bfc062723c751e8b465ee728b)
Start importing Assets/Prefabs using Guid(96c58c82e15588e779d730ba7f7b7054) Importer(815301076,1909f56bfc062723c751e8b465ee728b)  -> (artifact id: '2da23e69bcbc67391dbc443be7935102') in 0,014984 seconds
  Import took 0,055316 seconds .

========================================================================
Received Import Request.
  Time since last request: 0,001714 seconds.
  path: Assets/Prefabs
  artifactKey: Guid(96c58c82e15588e779d730ba7f7b7054) Importer(815301076,1909f56bfc062723c751e8b465ee728b)
Start importing Assets/Prefabs using Guid(96c58c82e15588e779d730ba7f7b7054) Importer(815301076,1909f56bfc062723c751e8b465ee728b)  -> (artifact id: '2da23e69bcbc67391dbc443be7935102') in 0,001818 seconds
  Import took 0,010926 seconds .

========================================================================
Received Import Request.
  Time since last request: 106,854756 seconds.
  path: Assets/Level01.unity
  artifactKey: Guid(45c99e691b7448541b83e1d9bf085e19) Importer(815301076,1909f56bfc062723c751e8b465ee728b)
Start importing Assets/Level01.unity using Guid(45c99e691b7448541b83e1d9bf085e19) Importer(815301076,1909f56bfc062723c751e8b465ee728b)  -> (artifact id: 'a7b3b6310fd571e7305a7041d82e1f58') in 0,002430 seconds
  Import took 0,030901 seconds .

========================================================================
Received Import Request.
  Time since last request: 0,012357 seconds.
  path: Assets/Level01.unity
  artifactKey: Guid(45c99e691b7448541b83e1d9bf085e19) Importer(815301076,1909f56bfc062723c751e8b465ee728b)
Start importing Assets/Level01.unity using Guid(45c99e691b7448541b83e1d9bf085e19) Importer(815301076,1909f56bfc062723c751e8b465ee728b)  -> (artifact id: 'a7b3b6310fd571e7305a7041d82e1f58') in 0,002957 seconds
  Import took 0,015320 seconds .

========================================================================
Received Import Request.
  Time since last request: 1,697025 seconds.
  path: Assets/Level01 1.unity
  artifactKey: Guid(83105b6b57aac3d6a8aa8d1e5e4ff416) Importer(815301076,1909f56bfc062723c751e8b465ee728b)
Start importing Assets/Level01 1.unity using Guid(83105b6b57aac3d6a8aa8d1e5e4ff416) Importer(815301076,1909f56bfc062723c751e8b465ee728b)  -> (artifact id: '1b563553b54f917203b79c03ce3ba53a') in 0,032065 seconds
  Import took 0,108435 seconds .

========================================================================
Received Import Request.
  Time since last request: 1,826405 seconds.
  path: Assets/Level01 2.unity
  artifactKey: Guid(49bc67fe2f7bfda7b9c4767e887e8223) Importer(815301076,1909f56bfc062723c751e8b465ee728b)
Start importing Assets/Level01 2.unity using Guid(49bc67fe2f7bfda7b9c4767e887e8223) Importer(815301076,1909f56bfc062723c751e8b465ee728b)  -> (artifact id: 'e76d6ade4b2b02e3be60442e1d7929d2') in 0,031653 seconds
  Import took 0,042216 seconds .

========================================================================
Received Import Request.
  Time since last request: 12,857689 seconds.
  path: Assets/Level02.unity
  artifactKey: Guid(83105b6b57aac3d6a8aa8d1e5e4ff416) Importer(815301076,1909f56bfc062723c751e8b465ee728b)
Start importing Assets/Level02.unity using Guid(83105b6b57aac3d6a8aa8d1e5e4ff416) Importer(815301076,1909f56bfc062723c751e8b465ee728b)  -> (artifact id: '74a768239604201f7baeabe8cb32d91a') in 0,018543 seconds
  Import took 0,034797 seconds .

========================================================================
Received Import Request.
  Time since last request: 10,295768 seconds.
  path: Assets/Level03.unity
  artifactKey: Guid(49bc67fe2f7bfda7b9c4767e887e8223) Importer(815301076,1909f56bfc062723c751e8b465ee728b)
Start importing Assets/Level03.unity using Guid(49bc67fe2f7bfda7b9c4767e887e8223) Importer(815301076,1909f56bfc062723c751e8b465ee728b)  -> (artifact id: 'c5b8fff20d42f80ccbfdb3c3043a99b2') in 0,001599 seconds
  Import took 0,041614 seconds .

========================================================================
Received Import Request.
  Time since last request: 421,285701 seconds.
  path: Assets/Level01.unity
  artifactKey: Guid(45c99e691b7448541b83e1d9bf085e19) Importer(815301076,1909f56bfc062723c751e8b465ee728b)
Start importing Assets/Level01.unity using Guid(45c99e691b7448541b83e1d9bf085e19) Importer(815301076,1909f56bfc062723c751e8b465ee728b)  -> (artifact id: '2c591b2dd972b5c8847c114d7237c474') in 0,001636 seconds
  Import took 0,010255 seconds .

========================================================================
Received Import Request.
  Time since last request: 21,634979 seconds.
  path: Assets/Level02.unity
  artifactKey: Guid(83105b6b57aac3d6a8aa8d1e5e4ff416) Importer(815301076,1909f56bfc062723c751e8b465ee728b)
Start importing Assets/Level02.unity using Guid(83105b6b57aac3d6a8aa8d1e5e4ff416) Importer(815301076,1909f56bfc062723c751e8b465ee728b)  -> (artifact id: 'f90e019f856fa63106250ae759cc4e7f') in 0,001814 seconds
  Import took 0,010527 seconds .

========================================================================
Received Prepare
Registering precompiled user dll's ...
Registered in 0,001139 seconds.
Begin MonoManager ReloadAssembly
Native extension for LinuxStandalone target not found
Refreshing native plugins compatible for Editor in 0,70 ms, found 0 plugins.
Preloading 0 native plugins for Editor in 0,00 ms.
Invoked RoslynAnalysisRunner static constructor.
RoslynAnalysisRunner will not be running.
RoslynAnalysisRunner has terminated.
Mono: successfully reloaded assembly
- Completed reload, in  1,722 seconds
Platform modules already initialized, skipping
Shader 'Universal Render Pipeline/Particles/Lit': fallback shader 'Universal Render Pipeline/Particles/SimpleLit' not found
Refreshing native plugins compatible for Editor in 0,53 ms, found 0 plugins.
Preloading 0 native plugins for Editor in 0,00 ms.
Unloading 2324 Unused Serialized files (Serialized files now loaded: 0)
System memory in use before: 104,3 MB.
System memory in use after: 104,5 MB.

Unloading 6 unused Assets to reduce memory usage. Loaded Objects now: 2949.
Total: 4,698907 ms (FindLiveObjects: 0,373899 ms CreateObjectMapping: 0,151414 ms MarkObjects: 4,056850 ms  DeleteObjects: 0,112320 ms)

========================================================================
Received Prepare
Registering precompiled user dll's ...
Registered in 0,001128 seconds.
Begin MonoManager ReloadAssembly
Native extension for LinuxStandalone target not found
Refreshing native plugins compatible for Editor in 0,56 ms, found 0 plugins.
Preloading 0 native plugins for Editor in 0,00 ms.
Invoked RoslynAnalysisRunner static constructor.
RoslynAnalysisRunner will not be running.
RoslynAnalysisRunner has terminated.
Mono: successfully reloaded assembly
- Completed reload, in 12,389 seconds
Platform modules already initialized, skipping
Shader 'Universal Render Pipeline/Particles/Lit': fallback shader 'Universal Render Pipeline/Particles/SimpleLit' not found
Refreshing native plugins compatible for Editor in 0,52 ms, found 0 plugins.
Preloading 0 native plugins for Editor in 0,00 ms.
Unloading 2325 Unused Serialized files (Serialized files now loaded: 0)
System memory in use before: 104,3 MB.
System memory in use after: 104,5 MB.

Unloading 6 unused Assets to reduce memory usage. Loaded Objects now: 2953.
Total: 5,845655 ms (FindLiveObjects: 0,367432 ms CreateObjectMapping: 0,156050 ms MarkObjects: 5,156519 ms  DeleteObjects: 0,161487 ms)

========================================================================
Received Import Request.
  Time since last request: 2061,420652 seconds.
  path: Assets/Credits.cs
  artifactKey: Guid(162bb278077ffb543bc1daa603947a17) Importer(815301076,1909f56bfc062723c751e8b465ee728b)
Start importing Assets/Credits.cs using Guid(162bb278077ffb543bc1daa603947a17) Importer(815301076,1909f56bfc062723c751e8b465ee728b)  -> (artifact id: 'b6ea2b924fe03d8d1a15e4b5d2ee0d70') in 0,147187 seconds
  Import took 0,246150 seconds .

========================================================================
Received Prepare
Registering precompiled user dll's ...
Registered in 0,001783 seconds.
Begin MonoManager ReloadAssembly
Native extension for LinuxStandalone target not found
Refreshing native plugins compatible for Editor in 0,52 ms, found 0 plugins.
Preloading 0 native plugins for Editor in 0,00 ms.
Invoked RoslynAnalysisRunner static constructor.
RoslynAnalysisRunner will not be running.
RoslynAnalysisRunner has terminated.
Mono: successfully reloaded assembly
- Completed reload, in  6,128 seconds
Platform modules already initialized, skipping
Shader 'Universal Render Pipeline/Particles/Lit': fallback shader 'Universal Render Pipeline/Particles/SimpleLit' not found
Refreshing native plugins compatible for Editor in 0,55 ms, found 0 plugins.
Preloading 0 native plugins for Editor in 0,00 ms.
Unloading 2325 Unused Serialized files (Serialized files now loaded: 0)
System memory in use before: 104,4 MB.
System memory in use after: 104,5 MB.

Unloading 6 unused Assets to reduce memory usage. Loaded Objects now: 2956.
Total: 5,313460 ms (FindLiveObjects: 0,442655 ms CreateObjectMapping: 0,297145 ms MarkObjects: 4,441870 ms  DeleteObjects: 0,127432 ms)

========================================================================
Received Import Request.
  Time since last request: 169,279942 seconds.
  path: Assets/Credits.cs
  artifactKey: Guid(162bb278077ffb543bc1daa603947a17) Importer(815301076,1909f56bfc062723c751e8b465ee728b)
Start importing Assets/Credits.cs using Guid(162bb278077ffb543bc1daa603947a17) Importer(815301076,1909f56bfc062723c751e8b465ee728b)  -> (artifact id: 'efff270d3dee57828ddf6f9f061a4ee1') in 0,005485 seconds
  Import took 0,088749 seconds .

========================================================================
Received Import Request.
  Time since last request: 225,480953 seconds.
  path: Assets/Credits.unity
  artifactKey: Guid(baabc6187d3a1f24289890de29489593) Importer(815301076,1909f56bfc062723c751e8b465ee728b)
Start importing Assets/Credits.unity using Guid(baabc6187d3a1f24289890de29489593) Importer(815301076,1909f56bfc062723c751e8b465ee728b)  -> (artifact id: 'ac6c01192e7fb783500c5498c1e3a24d') in 0,221919 seconds
  Import took 0,313589 seconds .

========================================================================
Received Import Request.
  Time since last request: 2,425783 seconds.
  path: Assets/Credits 1.unity
  artifactKey: Guid(02ded63852f8d1557986bdd66a514d3c) Importer(815301076,1909f56bfc062723c751e8b465ee728b)
Start importing Assets/Credits 1.unity using Guid(02ded63852f8d1557986bdd66a514d3c) Importer(815301076,1909f56bfc062723c751e8b465ee728b)  -> (artifact id: 'f9dda2d4b6cdd3649d4c7fdaec4fe820') in 0,027672 seconds
  Import took 0,057779 seconds .

========================================================================
Received Import Request.
  Time since last request: 18,852684 seconds.
  path: Assets/Menu.unity
  artifactKey: Guid(02ded63852f8d1557986bdd66a514d3c) Importer(815301076,1909f56bfc062723c751e8b465ee728b)
Start importing Assets/Menu.unity using Guid(02ded63852f8d1557986bdd66a514d3c) Importer(815301076,1909f56bfc062723c751e8b465ee728b)  -> (artifact id: 'eb6cfb0ee0885d41bbf8afc0aed89305') in 0,018221 seconds
  Import took 0,044077 seconds .

========================================================================
Received Prepare
Registering precompiled user dll's ...
Registered in 0,001137 seconds.
Begin MonoManager ReloadAssembly
Native extension for LinuxStandalone target not found
Refreshing native plugins compatible for Editor in 0,53 ms, found 0 plugins.
Preloading 0 native plugins for Editor in 0,00 ms.
Invoked RoslynAnalysisRunner static constructor.
RoslynAnalysisRunner will not be running.
RoslynAnalysisRunner has terminated.
Mono: successfully reloaded assembly
- Completed reload, in  2,362 seconds
Platform modules already initialized, skipping
Shader 'Universal Render Pipeline/Particles/Lit': fallback shader 'Universal Render Pipeline/Particles/SimpleLit' not found
Refreshing native plugins compatible for Editor in 0,77 ms, found 0 plugins.
Preloading 0 native plugins for Editor in 0,00 ms.
Unloading 2326 Unused Serialized files (Serialized files now loaded: 0)
System memory in use before: 104,3 MB.
System memory in use after: 104,5 MB.

Unloading 6 unused Assets to reduce memory usage. Loaded Objects now: 2960.
Total: 54,741649 ms (FindLiveObjects: 0,491143 ms CreateObjectMapping: 0,289308 ms MarkObjects: 44,155984 ms  DeleteObjects: 9,798666 ms)

========================================================================
Received Import Request.
  Time since last request: 957,538225 seconds.
  path: Assets/Menu.cs
  artifactKey: Guid(c45500b7f0da0535bb16cbb9e94cc250) Importer(815301076,1909f56bfc062723c751e8b465ee728b)
Start importing Assets/Menu.cs using Guid(c45500b7f0da0535bb16cbb9e94cc250) Importer(815301076,1909f56bfc062723c751e8b465ee728b)  -> (artifact id: '1dac286ceb53f88005e08464d50f85b3') in 0,105611 seconds
  Import took 0,155797 seconds .

========================================================================
Received Import Request.
  Time since last request: 155,316401 seconds.
  path: Assets/Menu.cs
  artifactKey: Guid(c45500b7f0da0535bb16cbb9e94cc250) Importer(815301076,1909f56bfc062723c751e8b465ee728b)
Start importing Assets/Menu.cs using Guid(c45500b7f0da0535bb16cbb9e94cc250) Importer(815301076,1909f56bfc062723c751e8b465ee728b)  -> (artifact id: '9de72a36362e6d28a97e551a1685afb0') in 0,001391 seconds
  Import took 0,022937 seconds .

========================================================================
Received Prepare
Registering precompiled user dll's ...
Registered in 0,003248 seconds.
Begin MonoManager ReloadAssembly
Native extension for LinuxStandalone target not found
Refreshing native plugins compatible for Editor in 0,53 ms, found 0 plugins.
Preloading 0 native plugins for Editor in 0,00 ms.
Invoked RoslynAnalysisRunner static constructor.
RoslynAnalysisRunner will not be running.
RoslynAnalysisRunner has terminated.
Mono: successfully reloaded assembly
- Completed reload, in  1,496 seconds
Platform modules already initialized, skipping
Shader 'Universal Render Pipeline/Particles/Lit': fallback shader 'Universal Render Pipeline/Particles/SimpleLit' not found
Refreshing native plugins compatible for Editor in 0,52 ms, found 0 plugins.
Preloading 0 native plugins for Editor in 0,00 ms.
Unloading 2326 Unused Serialized files (Serialized files now loaded: 0)
System memory in use before: 104,4 MB.
System memory in use after: 104,6 MB.

Unloading 6 unused Assets to reduce memory usage. Loaded Objects now: 2963.
Total: 4,773317 ms (FindLiveObjects: 0,359269 ms CreateObjectMapping: 0,158371 ms MarkObjects: 4,141671 ms  DeleteObjects: 0,109664 ms)

========================================================================
Received Import Request.
  Time since last request: 283,724879 seconds.
  path: Assets/Scenes/SampleScene.unity
  artifactKey: Guid(9fc0d4010bbf28b4594072e72b8655ab) Importer(815301076,1909f56bfc062723c751e8b465ee728b)
Start importing Assets/Scenes/SampleScene.unity using Guid(9fc0d4010bbf28b4594072e72b8655ab) Importer(815301076,1909f56bfc062723c751e8b465ee728b)  -> (artifact id: 'a52084c275049c7a0cf74479183206ae') in 0,028400 seconds
  Import took 0,044721 seconds .

========================================================================
Received Prepare
Registering precompiled user dll's ...
Registered in 0,001124 seconds.
Begin MonoManager ReloadAssembly
Native extension for LinuxStandalone target not found
Refreshing native plugins compatible for Editor in 9,91 ms, found 0 plugins.
Preloading 0 native plugins for Editor in 0,00 ms.
Invoked RoslynAnalysisRunner static constructor.
RoslynAnalysisRunner will not be running.
RoslynAnalysisRunner has terminated.
Mono: successfully reloaded assembly
- Completed reload, in 23,321 seconds
Platform modules already initialized, skipping
Shader 'Universal Render Pipeline/Particles/Lit': fallback shader 'Universal Render Pipeline/Particles/SimpleLit' not found
Refreshing native plugins compatible for Editor in 0,54 ms, found 0 plugins.
Preloading 0 native plugins for Editor in 0,00 ms.
Unloading 2326 Unused Serialized files (Serialized files now loaded: 0)
System memory in use before: 104,4 MB.
System memory in use after: 104,6 MB.

Unloading 6 unused Assets to reduce memory usage. Loaded Objects now: 2966.
Total: 4,956472 ms (FindLiveObjects: 0,366774 ms CreateObjectMapping: 0,154633 ms MarkObjects: 4,342627 ms  DeleteObjects: 0,088487 ms)

========================================================================
Received Prepare
Registering precompiled user dll's ...
Registered in 0,001195 seconds.
Begin MonoManager ReloadAssembly
Native extension for LinuxStandalone target not found
Refreshing native plugins compatible for Editor in 0,87 ms, found 0 plugins.
Preloading 0 native plugins for Editor in 0,00 ms.
Invoked RoslynAnalysisRunner static constructor.
RoslynAnalysisRunner will not be running.
RoslynAnalysisRunner has terminated.
Mono: successfully reloaded assembly
- Completed reload, in  4,021 seconds
Platform modules already initialized, skipping
Shader 'Universal Render Pipeline/Particles/Lit': fallback shader 'Universal Render Pipeline/Particles/SimpleLit' not found
Refreshing native plugins compatible for Editor in 0,60 ms, found 0 plugins.
Preloading 0 native plugins for Editor in 0,00 ms.
Unloading 2326 Unused Serialized files (Serialized files now loaded: 0)
System memory in use before: 104,4 MB.
System memory in use after: 104,6 MB.

Unloading 6 unused Assets to reduce memory usage. Loaded Objects now: 2969.
Total: 5,537497 ms (FindLiveObjects: 0,430172 ms CreateObjectMapping: 0,295348 ms MarkObjects: 4,698321 ms  DeleteObjects: 0,109169 ms)

========================================================================
Received Prepare
Shader 'Universal Render Pipeline/Particles/Lit': fallback shader 'Universal Render Pipeline/Particles/SimpleLit' not found
Refreshing native plugins compatible for Editor in 476,89 ms, found 0 plugins.
Preloading 0 native plugins for Editor in 0,00 ms.
Unloading 4 Unused Serialized files (Serialized files now loaded: 0)
System memory in use before: 58,3 MB.
System memory in use after: 58,5 MB.

Unloading 4 unused Assets to reduce memory usage. Loaded Objects now: 2969.
Total: 5,538391 ms (FindLiveObjects: 0,453439 ms CreateObjectMapping: 0,151146 ms MarkObjects: 4,816660 ms  DeleteObjects: 0,113324 ms)

